2026-03-12 06:48:31,804 - WARNING - ⚠️ m-patternpy tidak tersedia: No module named 'm_patternpy'
2026-03-12 06:48:31,804 - WARNING -    Fallback ke deteksi pola manual (breakout, candlestick, dll)
2026-03-12 06:48:31,804 - INFO - 
================================================================================
2026-03-12 06:48:31,804 - INFO - MINERVINI PRO SCREENER v10.0 - DENGAN M-PATTERNPY
2026-03-12 06:48:31,804 - INFO - ================================================================================
2026-03-12 06:48:31,804 - INFO - Total saham: 631
2026-03-12 06:48:31,804 - INFO - Thread workers: 4
2026-03-12 06:48:31,804 - INFO - Pattern Library: ⚠️ m-patternpy TIDAK tersedia - menggunakan fallback manual
2026-03-12 06:48:31,804 - INFO - ================================================================================

2026-03-12 06:48:31,805 - INFO - 📊 Mencoba mengambil data IHSG...
2026-03-12 06:48:32,165 - INFO - ✅ IHSG berhasil dimuat (237 data)
2026-03-12 06:49:19,916 - INFO - 
================================================================================
2026-03-12 06:49:19,917 - INFO - 📊 RINGKASAN SCREENING
2026-03-12 06:49:19,917 - INFO - ================================================================================
2026-03-12 06:49:19,917 - INFO - Total saham: 631
2026-03-12 06:49:19,917 - INFO - Valid format: 631
2026-03-12 06:49:19,917 - INFO - Berhasil: 631
2026-03-12 06:49:19,918 - INFO - Lolos 8/8: 20
2026-03-12 06:49:19,918 - INFO - Waktu: 0m 48s
2026-03-12 07:11:02,006 - WARNING - ⚠️ m-patternpy tidak tersedia: No module named 'm_patternpy'
2026-03-12 07:11:02,006 - WARNING -    Fallback ke deteksi pola manual (breakout, candlestick, dll)
2026-03-12 07:11:02,007 - INFO - 
================================================================================
2026-03-12 07:11:02,007 - INFO - MINERVINI PRO SCREENER v10.0 - DENGAN M-PATTERNPY
2026-03-12 07:11:02,007 - INFO - ================================================================================
2026-03-12 07:11:02,007 - INFO - Total saham: 631
2026-03-12 07:11:02,007 - INFO - Thread workers: 4
2026-03-12 07:11:02,007 - INFO - Pattern Library: ⚠️ m-patternpy TIDAK tersedia - menggunakan fallback manual
2026-03-12 07:11:02,007 - INFO - ================================================================================

2026-03-12 07:11:02,007 - INFO - 📊 Mencoba mengambil data IHSG...
2026-03-12 07:11:02,286 - INFO - ✅ IHSG berhasil dimuat (237 data)
2026-03-12 07:11:37,998 - INFO - 
================================================================================
2026-03-12 07:11:37,999 - INFO - 📊 RINGKASAN SCREENING
2026-03-12 07:11:37,999 - INFO - ================================================================================
2026-03-12 07:11:37,999 - INFO - Total saham: 631
2026-03-12 07:11:37,999 - INFO - Valid format: 631
2026-03-12 07:11:37,999 - INFO - Berhasil: 631
2026-03-12 07:11:37,999 - INFO - Lolos 8/8: 20
2026-03-12 07:11:37,999 - INFO - Waktu: 0m 35s
